<?xml version="1.0" encoding="UTF-8"?>
<!-- Generated by org.testng.reporters.JUnitReportReporter -->
<testsuite hostname="LAPTOP-0SJ3B8VU" failures="0" tests="1" name="com.inetbanking.testCases.TC_AddCustomer_003" time="58.566" errors="0" timestamp="24 Aug 2021 10:41:20 GMT" skipped="0">
  <testcase classname="com.inetbanking.testCases.TC_AddCustomer_003" name="addNewCustomer" time="58.566"/>
</testsuite> <!-- com.inetbanking.testCases.TC_AddCustomer_003 -->
