<?xml version="1.0" encoding="UTF-8"?>
<!-- Generated by org.testng.reporters.JUnitReportReporter -->
<testsuite hostname="LAPTOP-0SJ3B8VU" failures="0" tests="1" name="com.inetbanking.testCases.TC_LoginfDDD_4" time="0.514" errors="0" timestamp="23 Aug 2021 14:06:38 GMT" skipped="0">
  <testcase classname="com.inetbanking.testCases.TC_LoginfDDD_4" name="loginDDD" time="0.514"/>
</testsuite> <!-- com.inetbanking.testCases.TC_LoginfDDD_4 -->
