<?xml version="1.0" encoding="UTF-8"?>
<!-- Generated by org.testng.reporters.JUnitReportReporter -->
<testsuite hostname="LAPTOP-0SJ3B8VU" failures="0" tests="1" name="com.inetbanking.testCases.xyz" time="9.368" errors="0" timestamp="27 Aug 2021 09:52:18 GMT" skipped="0">
  <testcase classname="com.inetbanking.testCases.xyz" name="test" time="9.368"/>
</testsuite> <!-- com.inetbanking.testCases.xyz -->
