<?xml version="1.0" encoding="UTF-8"?>
<!-- Generated by org.testng.reporters.JUnitReportReporter -->
<testsuite hostname="LAPTOP-0SJ3B8VU" failures="0" tests="1" name="com.inetbanking.testCases.TC_LoginTest_001" time="3.370" errors="0" timestamp="24 Aug 2021 09:58:09 GMT" skipped="0">
  <testcase classname="com.inetbanking.testCases.TC_LoginTest_001" name="LoginTest" time="3.370"/>
</testsuite> <!-- com.inetbanking.testCases.TC_LoginTest_001 -->
