<?xml version="1.0" encoding="UTF-8"?>
<!-- Generated by org.testng.reporters.JUnitReportReporter -->
<testsuite hostname="LAPTOP-0SJ3B8VU" failures="0" tests="1" name="com.inetbanking.testCases.TC_LoginfDDD_002" time="94.780" errors="0" timestamp="24 Aug 2021 09:58:09 GMT" skipped="0">
  <testcase classname="com.inetbanking.testCases.TC_LoginfDDD_002" name="loginDDD" time="94.780"/>
</testsuite> <!-- com.inetbanking.testCases.TC_LoginfDDD_002 -->
